<?xml version="1.0" encoding="UTF-8"?>
<beans 	xmlns="http://www.springframework.org/schema/beans" 
       	xmlns:xsi="http://www.w3.org/2001/XMLSchema-instance"
       	xmlns:p="http://www.springframework.org/schema/p" 
       	xmlns:tx="http://www.springframework.org/schema/tx"
       	xsi:schemaLocation="http://www.springframework.org/schema/beans 
			                http://www.springframework.org/schema/beans/spring-beans-3.0.xsd
			                http://www.springframework.org/schema/tx 
			                http://www.springframework.org/schema/tx/spring-tx-3.0.xsd">
			                
	    <!-- Enable annotation style of managing transactions -->
		<tx:annotation-driven transaction-manager="transactionManager" />	
	   
	    <!-- Declare the Hibernate SessionFactory for retrieving Hibernate sessions -->
		<bean id="sessionFactory" class="org.springframework.orm.hibernate4.LocalSessionFactoryBean"
					 p:dataSource-ref="dataSource"
					 p:packagesToScan="com.test.mvctest.domain"/>

		<!-- Declare a transaction manager-->
		<bean id="transactionManager" class="org.springframework.orm.hibernate4.HibernateTransactionManager" 
	       			p:sessionFactory-ref="sessionFactory" />
		
</beans>